2016-01-08 12:12:35,116 ERROR [main] - Statistics - Statistics file `/Users/sazzadhossain/.scalaide/statistics` is corrupted. A new one is being created. Corrupted content was:

com.cedarsoftware.util.io.JsonIoException: error parsing JSON value
	at com.cedarsoftware.util.io.JsonReader.readObject(JsonReader.java:529)
	at com.cedarsoftware.util.io.JsonReader.jsonToJava(JsonReader.java:289)
	at com.cedarsoftware.util.io.JsonReader.jsonToJava(JsonReader.java:262)
	at org.scalaide.core.internal.statistics.Statistics.org$scalaide$core$internal$statistics$Statistics$$read(Statistics.scala:74)
	at org.scalaide.core.internal.statistics.Statistics$$anonfun$readStats$1.apply(Statistics.scala:52)
	at org.scalaide.core.internal.statistics.Statistics$$anonfun$readStats$1.apply(Statistics.scala:51)
	at org.scalaide.core.ScalaIdeDataStore$$anonfun$validate$2.apply(ScalaIdeDataStore.scala:59)
	at org.scalaide.util.eclipse.EclipseUtils$$anon$3.run(EclipseUtils.scala:216)
	at org.eclipse.core.runtime.SafeRunner.run(SafeRunner.java:42)
	at org.scalaide.util.eclipse.EclipseUtils$.withSafeRunner(EclipseUtils.scala:212)
	at org.scalaide.core.ScalaIdeDataStore$.validate(ScalaIdeDataStore.scala:58)
	at org.scalaide.core.internal.statistics.Statistics.readStats(Statistics.scala:51)
	at org.scalaide.core.internal.statistics.Statistics.<init>(Statistics.scala:30)
	at org.scalaide.core.internal.ScalaPlugin.stats$lzycompute(ScalaPlugin.scala:136)
	at org.scalaide.core.internal.ScalaPlugin.stats(ScalaPlugin.scala:136)
	at org.scalaide.core.internal.ScalaPlugin.statistics(ScalaPlugin.scala:139)
	at org.scalaide.core.internal.ScalaPlugin.start(ScalaPlugin.scala:110)
	at org.eclipse.osgi.internal.framework.BundleContextImpl$3.run(BundleContextImpl.java:771)
	at org.eclipse.osgi.internal.framework.BundleContextImpl$3.run(BundleContextImpl.java:1)
	at java.security.AccessController.doPrivileged(Native Method)
	at org.eclipse.osgi.internal.framework.BundleContextImpl.startActivator(BundleContextImpl.java:764)
	at org.eclipse.osgi.internal.framework.BundleContextImpl.start(BundleContextImpl.java:721)
	at org.eclipse.osgi.internal.framework.EquinoxBundle.startWorker0(EquinoxBundle.java:936)
	at org.eclipse.osgi.internal.framework.EquinoxBundle$EquinoxModule.startWorker(EquinoxBundle.java:319)
	at org.eclipse.osgi.container.Module.doStart(Module.java:571)
	at org.eclipse.osgi.container.Module.start(Module.java:439)
	at org.eclipse.osgi.framework.util.SecureAction.start(SecureAction.java:454)
	at org.eclipse.osgi.internal.hooks.EclipseLazyStarter.postFindLocalClass(EclipseLazyStarter.java:107)
	at org.eclipse.osgi.internal.loader.classpath.ClasspathManager.findLocalClass(ClasspathManager.java:531)
	at org.eclipse.osgi.internal.loader.ModuleClassLoader.findLocalClass(ModuleClassLoader.java:324)
	at org.eclipse.osgi.internal.loader.BundleLoader.findLocalClass(BundleLoader.java:320)
	at org.eclipse.osgi.internal.loader.BundleLoader.findClassInternal(BundleLoader.java:395)
	at org.eclipse.osgi.internal.loader.BundleLoader.findClass(BundleLoader.java:345)
	at org.eclipse.osgi.internal.loader.BundleLoader.findClass(BundleLoader.java:337)
	at org.eclipse.osgi.internal.loader.ModuleClassLoader.loadClass(ModuleClassLoader.java:160)
	at java.lang.ClassLoader.loadClass(ClassLoader.java:357)
	at org.eclipse.osgi.internal.framework.EquinoxBundle.loadClass(EquinoxBundle.java:568)
	at org.eclipse.core.internal.registry.osgi.RegistryStrategyOSGI.createExecutableExtension(RegistryStrategyOSGI.java:174)
	at org.eclipse.core.internal.registry.ExtensionRegistry.createExecutableExtension(ExtensionRegistry.java:905)
	at org.eclipse.core.internal.registry.ConfigurationElement.createExecutableExtension(ConfigurationElement.java:243)
	at org.eclipse.core.internal.registry.ConfigurationElementHandle.createExecutableExtension(ConfigurationElementHandle.java:55)
	at org.eclipse.ui.internal.registry.PerspectiveDescriptor.createFactory(PerspectiveDescriptor.java:74)
	at org.eclipse.ui.internal.WorkbenchPage.setPerspective(WorkbenchPage.java:4032)
	at org.eclipse.ui.internal.WorkbenchWindow.setup(WorkbenchWindow.java:733)
	at sun.reflect.NativeMethodAccessorImpl.invoke0(Native Method)
	at sun.reflect.NativeMethodAccessorImpl.invoke(NativeMethodAccessorImpl.java:62)
	at sun.reflect.DelegatingMethodAccessorImpl.invoke(DelegatingMethodAccessorImpl.java:43)
	at java.lang.reflect.Method.invoke(Method.java:497)
	at org.eclipse.e4.core.internal.di.MethodRequestor.execute(MethodRequestor.java:55)
	at org.eclipse.e4.core.internal.di.InjectorImpl.processAnnotated(InjectorImpl.java:888)
	at org.eclipse.e4.core.internal.di.InjectorImpl.inject(InjectorImpl.java:120)
	at org.eclipse.e4.core.internal.di.InjectorImpl.inject(InjectorImpl.java:85)
	at org.eclipse.e4.core.contexts.ContextInjectionFactory.inject(ContextInjectionFactory.java:73)
	at org.eclipse.ui.internal.Workbench.createWorkbenchWindow(Workbench.java:1480)
	at org.eclipse.ui.internal.Workbench.getActiveWorkbenchWindow(Workbench.java:1453)
	at org.eclipse.ui.internal.services.WorkbenchSourceProvider.updateActiveShell(WorkbenchSourceProvider.java:943)
	at org.eclipse.ui.internal.services.WorkbenchSourceProvider.getCurrentState(WorkbenchSourceProvider.java:137)
	at org.eclipse.ui.internal.services.WorkbenchSourceProvider$6.handleEvent(WorkbenchSourceProvider.java:703)
	at org.eclipse.swt.widgets.EventTable.sendEvent(EventTable.java:84)
	at org.eclipse.swt.widgets.Display.filterEvent(Display.java:1098)
	at org.eclipse.swt.widgets.Display.sendEvent(Display.java:4195)
	at org.eclipse.swt.widgets.Widget.sendEvent(Widget.java:1467)
	at org.eclipse.swt.widgets.Widget.sendEvent(Widget.java:1490)
	at org.eclipse.swt.widgets.Widget.sendEvent(Widget.java:1471)
	at org.eclipse.swt.widgets.Shell.windowDidBecomeKey(Shell.java:2159)
	at org.eclipse.swt.widgets.Display.windowProc(Display.java:5686)
	at org.eclipse.swt.internal.cocoa.OS.objc_msgSendSuper(Native Method)
	at org.eclipse.swt.widgets.Widget.callSuper(Widget.java:214)
	at org.eclipse.swt.widgets.Widget.becomeKeyWindow(Widget.java:366)
	at org.eclipse.swt.widgets.Shell.becomeKeyWindow(Shell.java:525)
	at org.eclipse.swt.widgets.Display.windowProc(Display.java:5510)
	at org.eclipse.swt.internal.cocoa.OS.objc_msgSend(Native Method)
	at org.eclipse.swt.internal.cocoa.NSWindow.makeKeyAndOrderFront(NSWindow.java:202)
	at org.eclipse.swt.widgets.Shell.makeKeyAndOrderFront(Shell.java:1291)
	at org.eclipse.swt.widgets.Shell.setWindowVisible(Shell.java:1972)
	at org.eclipse.swt.widgets.Shell.open(Shell.java:1349)
	at org.eclipse.e4.ui.workbench.renderers.swt.WBWRenderer.postProcess(WBWRenderer.java:744)
	at org.eclipse.e4.ui.internal.workbench.swt.PartRenderingEngine.safeCreateGui(PartRenderingEngine.java:678)
	at org.eclipse.e4.ui.internal.workbench.swt.PartRenderingEngine.safeCreateGui(PartRenderingEngine.java:766)
	at org.eclipse.e4.ui.internal.workbench.swt.PartRenderingEngine.access$2(PartRenderingEngine.java:737)
	at org.eclipse.e4.ui.internal.workbench.swt.PartRenderingEngine$7.run(PartRenderingEngine.java:731)
	at org.eclipse.core.runtime.SafeRunner.run(SafeRunner.java:42)
	at org.eclipse.e4.ui.internal.workbench.swt.PartRenderingEngine.createGui(PartRenderingEngine.java:715)
	at org.eclipse.e4.ui.internal.workbench.swt.PartRenderingEngine$9.run(PartRenderingEngine.java:1074)
	at org.eclipse.core.databinding.observable.Realm.runWithDefault(Realm.java:332)
	at org.eclipse.e4.ui.internal.workbench.swt.PartRenderingEngine.run(PartRenderingEngine.java:1032)
	at org.eclipse.e4.ui.internal.workbench.E4Workbench.createAndRunUI(E4Workbench.java:148)
	at org.eclipse.ui.internal.Workbench$5.run(Workbench.java:636)
	at org.eclipse.core.databinding.observable.Realm.runWithDefault(Realm.java:332)
	at org.eclipse.ui.internal.Workbench.createAndRunWorkbench(Workbench.java:579)
	at org.eclipse.ui.PlatformUI.createAndRunWorkbench(PlatformUI.java:150)
	at org.eclipse.ui.internal.ide.application.IDEApplication.start(IDEApplication.java:135)
	at org.eclipse.equinox.internal.app.EclipseAppHandle.run(EclipseAppHandle.java:196)
	at org.eclipse.core.runtime.internal.adaptor.EclipseAppLauncher.runApplication(EclipseAppLauncher.java:134)
	at org.eclipse.core.runtime.internal.adaptor.EclipseAppLauncher.start(EclipseAppLauncher.java:104)
	at org.eclipse.core.runtime.adaptor.EclipseStarter.run(EclipseStarter.java:380)
	at org.eclipse.core.runtime.adaptor.EclipseStarter.run(EclipseStarter.java:235)
	at sun.reflect.NativeMethodAccessorImpl.invoke0(Native Method)
	at sun.reflect.NativeMethodAccessorImpl.invoke(NativeMethodAccessorImpl.java:62)
	at sun.reflect.DelegatingMethodAccessorImpl.invoke(DelegatingMethodAccessorImpl.java:43)
	at java.lang.reflect.Method.invoke(Method.java:497)
	at org.eclipse.equinox.launcher.Main.invokeFramework(Main.java:648)
	at org.eclipse.equinox.launcher.Main.basicRun(Main.java:603)
	at org.eclipse.equinox.launcher.Main.run(Main.java:1465)
Caused by: com.cedarsoftware.util.io.JsonIoException: EOF reached prematurely
	at com.cedarsoftware.util.io.JsonParser.error(JsonParser.java:584)
	at com.cedarsoftware.util.io.JsonParser.readValue(JsonParser.java:278)
	at com.cedarsoftware.util.io.JsonReader.readObject(JsonReader.java:521)
	... 103 more
2016-01-08 12:14:03,764  WARN [ModalContext] - ScalaProject - Project ScalaTutorial has platform default sourceLevel.
2016-01-08 12:14:03,765  WARN [ModalContext] - ScalaProject - Project ScalaTutorial runs on platform default installation.
2016-01-08 12:14:04,248  WARN [Worker-4] - ScalaProject - Project ScalaTutorial has platform default sourceLevel.
2016-01-08 12:14:04,249  WARN [Worker-4] - ScalaProject - Project ScalaTutorial runs on platform default installation.
2016-01-08 12:15:42,180  WARN [main] - ScalaProject - Project ScalaTutorial has platform default sourceLevel.
2016-01-08 12:15:42,180  WARN [main] - ScalaProject - Project ScalaTutorial runs on platform default installation.
2016-01-08 12:15:50,170  WARN [main] - ScalaProject - Project ScalaTutorial has platform default sourceLevel.
2016-01-08 12:15:50,170  WARN [main] - ScalaProject - Project ScalaTutorial runs on platform default installation.
2016-01-08 12:15:50,592  WARN [Worker-7] - ScalaProject - Project ScalaTutorial has platform default sourceLevel.
2016-01-08 12:15:50,592  WARN [Worker-7] - ScalaProject - Project ScalaTutorial runs on platform default installation.
2016-01-08 12:21:14,017  WARN [Worker-11] - ScalaProject - Project ScalaTutorial has platform default sourceLevel.
2016-01-08 12:21:14,017  WARN [Worker-11] - ScalaProject - Project ScalaTutorial runs on platform default installation.
2016-01-08 12:29:30,562  WARN [Worker-16] - ScalaProject - Project ScalaTutorial has platform default sourceLevel.
2016-01-08 12:29:30,563  WARN [Worker-16] - ScalaProject - Project ScalaTutorial runs on platform default installation.
2016-01-08 12:29:47,245  WARN [main] - ScalaProject - Project ScalaTutorial has platform default sourceLevel.
2016-01-08 12:29:47,245  WARN [main] - ScalaProject - Project ScalaTutorial runs on platform default installation.
2016-01-08 12:29:47,387  WARN [Worker-17] - ScalaProject - Project ScalaTutorial has platform default sourceLevel.
2016-01-08 12:29:47,387  WARN [Worker-17] - ScalaProject - Project ScalaTutorial runs on platform default installation.
2016-01-08 12:30:11,897  WARN [Worker-15] - ScalaProject - Project ScalaTutorial has platform default sourceLevel.
2016-01-08 12:30:11,897  WARN [Worker-15] - ScalaProject - Project ScalaTutorial runs on platform default installation.
2016-01-08 12:30:43,506 ERROR [Worker-18] - System.err - SLF4J: Failed to load class "org.slf4j.impl.StaticLoggerBinder".
2016-01-08 12:30:43,506 ERROR [Worker-18] - System.err - SLF4J: Defaulting to no-operation (NOP) logger implementation
2016-01-08 12:30:43,506 ERROR [Worker-18] - System.err - SLF4J: See http://www.slf4j.org/codes.html#StaticLoggerBinder for further details.
2016-01-08 12:36:50,317  WARN [main] - ScalaProject - Project ScalaTutorial has platform default sourceLevel.
2016-01-08 12:36:50,318  WARN [main] - ScalaProject - Project ScalaTutorial runs on platform default installation.
2016-01-08 12:36:50,516  WARN [Worker-27] - ScalaProject - Project ScalaTutorial has platform default sourceLevel.
2016-01-08 12:36:50,516  WARN [Worker-27] - ScalaProject - Project ScalaTutorial runs on platform default installation.
2016-01-08 12:40:05,711  WARN [Worker-27] - ScalaProject - Project ScalaTutorial has platform default sourceLevel.
2016-01-08 12:40:05,713  WARN [Worker-27] - ScalaProject - Project ScalaTutorial runs on platform default installation.
2016-01-08 12:43:38,680  WARN [Worker-27] - ScalaProject - Project ScalaTutorial has platform default sourceLevel.
2016-01-08 12:43:38,681  WARN [Worker-27] - ScalaProject - Project ScalaTutorial runs on platform default installation.
2016-01-08 12:44:08,224  WARN [Worker-26] - ScalaProject - Project ScalaTutorial has platform default sourceLevel.
2016-01-08 12:44:08,224  WARN [Worker-26] - ScalaProject - Project ScalaTutorial runs on platform default installation.
